<?xml version="1.0" encoding="UTF-8"?>
<!-- Generated by org.testng.reporters.JUnitReportReporter -->
<testsuite name="sfdc.tests.CreateAccount" tests="1" time="23.184" ignored="3" failures="0" timestamp="19 Nov 2021 03:38:54 GMT" skipped="0" hostname="DESKTOP-4FV91I7" errors="0">
  <testcase name="createAccountTC13" time="23.184" classname="sfdc.tests.CreateAccount"/>
  <testcase name="createAccountTC12" classname="sfdc.tests.CreateAccount">
    <skipped/>
  </testcase> <!-- createAccountTC12 -->
  <testcase name="createAccountTC11" classname="sfdc.tests.CreateAccount">
    <skipped/>
  </testcase> <!-- createAccountTC11 -->
  <testcase name="createAccountTC10" classname="sfdc.tests.CreateAccount">
    <skipped/>
  </testcase> <!-- createAccountTC10 -->
</testsuite> <!-- sfdc.tests.CreateAccount -->
